26-05-15.10:18:06.524 [main            ] INFO  Application            - Starting Application using Java 1.8.0_422 on XiaoLI with PID 16480 (D:\projects\Myblog\backend\backend-app\target\classes started by 27550 in D:\projects\Myblog\backend)
26-05-15.10:18:06.524 [main            ] INFO  Application            - The following 1 profile is active: "dev"
26-05-15.10:18:07.308 [main            ] INFO  RepositoryConfigurationDelegate - Multiple Spring Data modules found, entering strict repository configuration mode
26-05-15.10:18:07.313 [main            ] INFO  RepositoryConfigurationDelegate - Bootstrapping Spring Data Redis repositories in DEFAULT mode.
26-05-15.10:18:07.353 [main            ] INFO  RepositoryConfigurationDelegate - Finished Spring Data repository scanning in 25 ms. Found 0 Redis repository interfaces.
26-05-15.10:18:07.861 [main            ] INFO  TomcatWebServer        - Tomcat initialized with port(s): 8080 (http)
26-05-15.10:18:07.871 [main            ] INFO  Http11NioProtocol      - Initializing ProtocolHandler ["http-nio-8080"]
26-05-15.10:18:07.871 [main            ] INFO  StandardService        - Starting service [Tomcat]
26-05-15.10:18:07.871 [main            ] INFO  StandardEngine         - Starting Servlet engine: [Apache Tomcat/9.0.75]
26-05-15.10:18:08.017 [main            ] INFO  [/]                    - Initializing Spring embedded WebApplicationContext
26-05-15.10:18:08.017 [main            ] INFO  ServletWebServerApplicationContext - Root WebApplicationContext: initialization completed in 1457 ms
26-05-15.10:18:09.319 [main            ] INFO  DefaultSecurityFilterChain - Will secure any request with [org.springframework.security.web.session.DisableEncodeUrlFilter@7ae0cc89, org.springframework.security.web.context.request.async.WebAsyncManagerIntegrationFilter@de7e193, org.springframework.security.web.context.SecurityContextPersistenceFilter@18a19e, org.springframework.security.web.header.HeaderWriterFilter@66a5755, org.springframework.web.filter.CorsFilter@13e5d243, org.springframework.security.web.authentication.logout.LogoutFilter@2582b0ef, cn.idealer01.config.utils.JwtAuthenticationFilter@95eb320, org.springframework.security.web.savedrequest.RequestCacheAwareFilter@2e13f304, org.springframework.security.web.servletapi.SecurityContextHolderAwareRequestFilter@32d5279, org.springframework.security.web.authentication.AnonymousAuthenticationFilter@35ef439e, org.springframework.security.web.session.SessionManagementFilter@233db8e9, org.springframework.security.web.access.ExceptionTranslationFilter@1faf386c, org.springframework.security.web.access.intercept.AuthorizationFilter@53c99b09]
26-05-15.10:18:10.749 [main            ] INFO  Http11NioProtocol      - Starting ProtocolHandler ["http-nio-8080"]
26-05-15.10:18:10.825 [main            ] INFO  TomcatWebServer        - Tomcat started on port(s): 8080 (http) with context path ''
26-05-15.10:18:10.849 [main            ] INFO  Application            - Started Application in 4.796 seconds (JVM running for 6.093)
26-05-15.10:19:25.119 [http-nio-8080-exec-2] INFO  [/]                    - Initializing Spring DispatcherServlet 'dispatcherServlet'
26-05-15.10:19:25.119 [http-nio-8080-exec-2] INFO  DispatcherServlet      - Initializing Servlet 'dispatcherServlet'
26-05-15.10:19:25.124 [http-nio-8080-exec-2] INFO  DispatcherServlet      - Completed initialization in 5 ms
26-05-15.10:19:25.233 [http-nio-8080-exec-3] INFO  HikariDataSource       - HikariPool-1 - Starting...
26-05-15.10:19:25.605 [http-nio-8080-exec-3] INFO  HikariDataSource       - HikariPool-1 - Start completed.
26-05-15.10:19:37.109 [http-nio-8080-exec-9] INFO  RegularUserController  - 网站用户:admin，请求获取token
26-05-15.10:19:37.291 [http-nio-8080-exec-9] INFO  RegularUserController  - 网站用户:admin, 获取token成功
26-05-15.10:28:13.255 [http-nio-8080-exec-8] INFO  RegularUserController  - 网站用户:admin，请求获取token
26-05-15.10:28:13.353 [http-nio-8080-exec-8] INFO  RegularUserController  - 网站用户:admin, 获取token成功
26-05-15.10:28:23.730 [http-nio-8080-exec-4] INFO  RegularUserController  - 网站用户:admin，请求获取token
26-05-15.10:28:23.822 [http-nio-8080-exec-4] INFO  RegularUserController  - 网站用户:admin, 获取token成功
26-05-15.10:30:08.380 [http-nio-8080-exec-9] INFO  RegularUserController  - 网站用户:admin，请求获取token
26-05-15.10:30:08.479 [http-nio-8080-exec-9] INFO  RegularUserController  - 网站用户:admin, 获取token成功
26-05-15.11:03:49.960 [http-nio-8080-exec-6] INFO  Http11Processor        - Error parsing HTTP request header
 Note: further occurrences of HTTP request parsing errors will be logged at DEBUG level.
java.lang.IllegalArgumentException: Invalid character found in method name [0x030x000x000x130x0e0xe00x000x000x000x000x000x010x000x080x000x020x000x000x00...]. HTTP method names must be tokens
	at org.apache.coyote.http11.Http11InputBuffer.parseRequestLine(Http11InputBuffer.java:407)
	at org.apache.coyote.http11.Http11Processor.service(Http11Processor.java:263)
	at org.apache.coyote.AbstractProcessorLight.process(AbstractProcessorLight.java:63)
	at org.apache.coyote.AbstractProtocol$ConnectionHandler.process(AbstractProtocol.java:926)
	at org.apache.tomcat.util.net.NioEndpoint$SocketProcessor.doRun(NioEndpoint.java:1791)
	at org.apache.tomcat.util.net.SocketProcessorBase.run(SocketProcessorBase.java:52)
	at org.apache.tomcat.util.threads.ThreadPoolExecutor.runWorker(ThreadPoolExecutor.java:1191)
	at org.apache.tomcat.util.threads.ThreadPoolExecutor$Worker.run(ThreadPoolExecutor.java:659)
	at org.apache.tomcat.util.threads.TaskThread$WrappingRunnable.run(TaskThread.java:61)
	at java.lang.Thread.run(Thread.java:750)
26-05-15.11:25:43.539 [HikariPool-1 housekeeper] WARN  HikariPool             - HikariPool-1 - Thread starvation or clock leap detected (housekeeper delta=12m52s129ms894µs100ns).
26-05-15.11:41:11.774 [HikariPool-1 housekeeper] WARN  HikariPool             - HikariPool-1 - Thread starvation or clock leap detected (housekeeper delta=5m58s115ms134µs400ns).
26-05-15.11:41:32.765 [SpringApplicationShutdownHook] INFO  HikariDataSource       - HikariPool-1 - Shutdown initiated...
26-05-15.11:41:32.783 [SpringApplicationShutdownHook] INFO  HikariDataSource       - HikariPool-1 - Shutdown completed.
26-05-15.15:53:46.606 [main            ] INFO  Application            - Starting Application using Java 1.8.0_422 on XiaoLI with PID 26884 (D:\projects\Myblog\backend\backend-app\target\classes started by 27550 in D:\projects\Myblog\backend)
26-05-15.15:53:46.609 [main            ] INFO  Application            - The following 1 profile is active: "dev"
26-05-15.15:53:47.464 [main            ] INFO  RepositoryConfigurationDelegate - Multiple Spring Data modules found, entering strict repository configuration mode
26-05-15.15:53:47.466 [main            ] INFO  RepositoryConfigurationDelegate - Bootstrapping Spring Data Redis repositories in DEFAULT mode.
26-05-15.15:53:47.516 [main            ] INFO  RepositoryConfigurationDelegate - Finished Spring Data repository scanning in 30 ms. Found 0 Redis repository interfaces.
26-05-15.15:53:48.072 [main            ] INFO  TomcatWebServer        - Tomcat initialized with port(s): 8080 (http)
26-05-15.15:53:48.081 [main            ] INFO  Http11NioProtocol      - Initializing ProtocolHandler ["http-nio-8080"]
26-05-15.15:53:48.082 [main            ] INFO  StandardService        - Starting service [Tomcat]
26-05-15.15:53:48.082 [main            ] INFO  StandardEngine         - Starting Servlet engine: [Apache Tomcat/9.0.75]
26-05-15.15:53:48.231 [main            ] INFO  [/]                    - Initializing Spring embedded WebApplicationContext
26-05-15.15:53:48.231 [main            ] INFO  ServletWebServerApplicationContext - Root WebApplicationContext: initialization completed in 1578 ms
26-05-15.15:53:49.244 [main            ] INFO  DefaultSecurityFilterChain - Will secure any request with [org.springframework.security.web.session.DisableEncodeUrlFilter@6cd15072, org.springframework.security.web.context.request.async.WebAsyncManagerIntegrationFilter@78cfa264, org.springframework.security.web.context.SecurityContextPersistenceFilter@10272bbb, org.springframework.security.web.header.HeaderWriterFilter@7dcb42a9, org.springframework.web.filter.CorsFilter@3408f695, org.springframework.security.web.authentication.logout.LogoutFilter@5b47731f, cn.idealer01.config.utils.JwtAuthenticationFilter@6c6017b9, org.springframework.security.web.savedrequest.RequestCacheAwareFilter@16736040, org.springframework.security.web.servletapi.SecurityContextHolderAwareRequestFilter@26ca61bf, org.springframework.security.web.authentication.AnonymousAuthenticationFilter@2b6a0ea9, org.springframework.security.web.session.SessionManagementFilter@4b0bd001, org.springframework.security.web.access.ExceptionTranslationFilter@46dcbeab, org.springframework.security.web.access.intercept.AuthorizationFilter@5d0b0cb9]
26-05-15.15:53:49.679 [main            ] INFO  Http11NioProtocol      - Starting ProtocolHandler ["http-nio-8080"]
26-05-15.15:53:49.696 [main            ] INFO  TomcatWebServer        - Tomcat started on port(s): 8080 (http) with context path ''
26-05-15.15:53:49.705 [main            ] INFO  Application            - Started Application in 3.685 seconds (JVM running for 5.526)
26-05-15.15:54:01.773 [http-nio-8080-exec-2] INFO  [/]                    - Initializing Spring DispatcherServlet 'dispatcherServlet'
26-05-15.15:54:01.773 [http-nio-8080-exec-2] INFO  DispatcherServlet      - Initializing Servlet 'dispatcherServlet'
26-05-15.15:54:01.775 [http-nio-8080-exec-2] INFO  DispatcherServlet      - Completed initialization in 2 ms
26-05-15.15:54:04.490 [http-nio-8080-exec-3] INFO  HikariDataSource       - HikariPool-1 - Starting...
26-05-15.15:54:04.808 [http-nio-8080-exec-3] INFO  HikariDataSource       - HikariPool-1 - Start completed.
26-05-15.15:54:11.178 [http-nio-8080-exec-8] INFO  Http11Processor        - Error parsing HTTP request header
 Note: further occurrences of HTTP request parsing errors will be logged at DEBUG level.
java.lang.IllegalArgumentException: Invalid character found in method name [0x160x030x010x000xee0x010x000x000xea0x030x030x190x940x100xc20x9c?0x97v0x870xc70xf60x1c#0x0b0xf7c0x8b.0x0cK0xdc-0x8b0x8dJQU0x1eK0x930xbb0xf5 ]. HTTP method names must be tokens
	at org.apache.coyote.http11.Http11InputBuffer.parseRequestLine(Http11InputBuffer.java:407)
	at org.apache.coyote.http11.Http11Processor.service(Http11Processor.java:263)
	at org.apache.coyote.AbstractProcessorLight.process(AbstractProcessorLight.java:63)
	at org.apache.coyote.AbstractProtocol$ConnectionHandler.process(AbstractProtocol.java:926)
	at org.apache.tomcat.util.net.NioEndpoint$SocketProcessor.doRun(NioEndpoint.java:1791)
	at org.apache.tomcat.util.net.SocketProcessorBase.run(SocketProcessorBase.java:52)
	at org.apache.tomcat.util.threads.ThreadPoolExecutor.runWorker(ThreadPoolExecutor.java:1191)
	at org.apache.tomcat.util.threads.ThreadPoolExecutor$Worker.run(ThreadPoolExecutor.java:659)
	at org.apache.tomcat.util.threads.TaskThread$WrappingRunnable.run(TaskThread.java:61)
	at java.lang.Thread.run(Thread.java:750)
26-05-15.15:54:11.682 [http-nio-8080-exec-10] INFO  RegularUserController  - 网站用户:admin，请求获取token
26-05-15.15:54:11.921 [http-nio-8080-exec-10] INFO  RegularUserController  - 网站用户:admin, 获取token成功
26-05-15.15:54:20.307 [http-nio-8080-exec-8] INFO  Http11Processor        - Error parsing HTTP request header
 Note: further occurrences of HTTP request parsing errors will be logged at DEBUG level.
java.lang.IllegalArgumentException: Invalid character found in method name [0x160x030x010x000xee0x010x000x000xea0x030x030x000xf00xb70xa0N0x850xb60x940x03y0xd6n0xb30xa90x000xe00xa90xf70x1f0x850xf20x820xbd0xd50xe80xc0.0xc60xc30x840xbd0xae ]. HTTP method names must be tokens
	at org.apache.coyote.http11.Http11InputBuffer.parseRequestLine(Http11InputBuffer.java:407)
	at org.apache.coyote.http11.Http11Processor.service(Http11Processor.java:263)
	at org.apache.coyote.AbstractProcessorLight.process(AbstractProcessorLight.java:63)
	at org.apache.coyote.AbstractProtocol$ConnectionHandler.process(AbstractProtocol.java:926)
	at org.apache.tomcat.util.net.NioEndpoint$SocketProcessor.doRun(NioEndpoint.java:1791)
	at org.apache.tomcat.util.net.SocketProcessorBase.run(SocketProcessorBase.java:52)
	at org.apache.tomcat.util.threads.ThreadPoolExecutor.runWorker(ThreadPoolExecutor.java:1191)
	at org.apache.tomcat.util.threads.ThreadPoolExecutor$Worker.run(ThreadPoolExecutor.java:659)
	at org.apache.tomcat.util.threads.TaskThread$WrappingRunnable.run(TaskThread.java:61)
	at java.lang.Thread.run(Thread.java:750)
26-05-15.15:55:23.871 [http-nio-8080-exec-6] INFO  RegularUserController  - 网站用户:admin，请求获取token
26-05-15.15:55:23.955 [http-nio-8080-exec-6] INFO  RegularUserController  - 网站用户:admin, 获取token成功
26-05-15.16:30:51.719 [SpringApplicationShutdownHook] INFO  HikariDataSource       - HikariPool-1 - Shutdown initiated...
26-05-15.16:30:51.744 [SpringApplicationShutdownHook] INFO  HikariDataSource       - HikariPool-1 - Shutdown completed.
26-05-15.21:02:43.107 [main            ] INFO  Application            - Starting Application using Java 1.8.0_422 on XiaoLI with PID 17812 (D:\projects\Myblog\backend\backend-app\target\classes started by 27550 in D:\projects\Myblog\backend)
26-05-15.21:02:43.110 [main            ] INFO  Application            - The following 1 profile is active: "dev"
26-05-15.21:02:44.250 [main            ] INFO  RepositoryConfigurationDelegate - Multiple Spring Data modules found, entering strict repository configuration mode
26-05-15.21:02:44.250 [main            ] INFO  RepositoryConfigurationDelegate - Bootstrapping Spring Data Redis repositories in DEFAULT mode.
26-05-15.21:02:44.302 [main            ] INFO  RepositoryConfigurationDelegate - Finished Spring Data repository scanning in 32 ms. Found 0 Redis repository interfaces.
26-05-15.21:02:44.926 [main            ] INFO  TomcatWebServer        - Tomcat initialized with port(s): 8080 (http)
26-05-15.21:02:44.940 [main            ] INFO  Http11NioProtocol      - Initializing ProtocolHandler ["http-nio-8080"]
26-05-15.21:02:44.940 [main            ] INFO  StandardService        - Starting service [Tomcat]
26-05-15.21:02:44.940 [main            ] INFO  StandardEngine         - Starting Servlet engine: [Apache Tomcat/9.0.75]
26-05-15.21:02:45.115 [main            ] INFO  [/]                    - Initializing Spring embedded WebApplicationContext
26-05-15.21:02:45.116 [main            ] INFO  ServletWebServerApplicationContext - Root WebApplicationContext: initialization completed in 1942 ms
26-05-15.21:02:45.883 [main            ] ERROR TomcatStarter          - Error starting Tomcat context. Exception: org.springframework.beans.factory.BeanCreationException. Message: Error creating bean with name 'jwtAuthenticationFilter': Injection of resource dependencies failed; nested exception is org.springframework.beans.factory.BeanCreationException: Error creating bean with name 'userDetailsServiceImpl': Injection of resource dependencies failed; nested exception is org.springframework.beans.factory.BeanCreationException: Error creating bean with name 'loginReposity': Injection of resource dependencies failed; nested exception is org.springframework.beans.factory.BeanCreationException: Error creating bean with name 'userAvatarAdminService': Injection of resource dependencies failed; nested exception is org.springframework.beans.factory.BeanCurrentlyInCreationException: Error creating bean with name 'loginReposity': Requested bean is currently in creation: Is there an unresolvable circular reference?
26-05-15.21:02:45.915 [main            ] INFO  StandardService        - Stopping service [Tomcat]
26-05-15.21:02:45.915 [main            ] WARN  WebappClassLoaderBase  - The web application [ROOT] appears to have started a thread named [lettuce-timer-3-1] but has failed to stop it. This is very likely to create a memory leak. Stack trace of thread:
 java.lang.Thread.sleep(Native Method)
 io.netty.util.HashedWheelTimer$Worker.waitForNextTick(HashedWheelTimer.java:600)
 io.netty.util.HashedWheelTimer$Worker.run(HashedWheelTimer.java:496)
 io.netty.util.concurrent.FastThreadLocalRunnable.run(FastThreadLocalRunnable.java:30)
 java.lang.Thread.run(Thread.java:750)
26-05-15.21:02:45.924 [main            ] WARN  AnnotationConfigServletWebServerApplicationContext - Exception encountered during context initialization - cancelling refresh attempt: org.springframework.context.ApplicationContextException: Unable to start web server; nested exception is org.springframework.boot.web.server.WebServerException: Unable to start embedded Tomcat
26-05-15.21:02:45.953 [main            ] INFO  ConditionEvaluationReportLoggingListener - 

Error starting ApplicationContext. To display the conditions report re-run your application with 'debug' enabled.
26-05-15.21:02:45.974 [main            ] ERROR LoggingFailureAnalysisReporter - 

***************************
APPLICATION FAILED TO START
***************************

Description:

The dependencies of some of the beans in the application context form a cycle:

   jwtAuthenticationFilter
      ↓
   userDetailsServiceImpl
┌─────┐
|  loginReposity
↑     ↓
|  userAvatarAdminService
└─────┘


Action:

Relying upon circular references is discouraged and they are prohibited by default. Update your application to remove the dependency cycle between beans. As a last resort, it may be possible to break the cycle automatically by setting spring.main.allow-circular-references to true.

26-05-15.21:10:24.913 [main            ] INFO  Application            - Starting Application using Java 1.8.0_422 on XiaoLI with PID 24696 (D:\projects\Myblog\backend\backend-app\target\classes started by 27550 in D:\projects\Myblog\backend)
26-05-15.21:10:24.917 [main            ] INFO  Application            - The following 1 profile is active: "dev"
26-05-15.21:10:25.780 [main            ] INFO  RepositoryConfigurationDelegate - Multiple Spring Data modules found, entering strict repository configuration mode
26-05-15.21:10:25.782 [main            ] INFO  RepositoryConfigurationDelegate - Bootstrapping Spring Data Redis repositories in DEFAULT mode.
26-05-15.21:10:25.830 [main            ] INFO  RepositoryConfigurationDelegate - Finished Spring Data repository scanning in 33 ms. Found 0 Redis repository interfaces.
26-05-15.21:10:26.391 [main            ] INFO  TomcatWebServer        - Tomcat initialized with port(s): 8080 (http)
26-05-15.21:10:26.399 [main            ] INFO  Http11NioProtocol      - Initializing ProtocolHandler ["http-nio-8080"]
26-05-15.21:10:26.400 [main            ] INFO  StandardService        - Starting service [Tomcat]
26-05-15.21:10:26.400 [main            ] INFO  StandardEngine         - Starting Servlet engine: [Apache Tomcat/9.0.75]
26-05-15.21:10:26.543 [main            ] INFO  [/]                    - Initializing Spring embedded WebApplicationContext
26-05-15.21:10:26.544 [main            ] INFO  ServletWebServerApplicationContext - Root WebApplicationContext: initialization completed in 1575 ms
26-05-15.21:10:27.576 [main            ] INFO  DefaultSecurityFilterChain - Will secure any request with [org.springframework.security.web.session.DisableEncodeUrlFilter@659f226a, org.springframework.security.web.context.request.async.WebAsyncManagerIntegrationFilter@2e463f4, org.springframework.security.web.context.SecurityContextPersistenceFilter@1860f3be, org.springframework.security.web.header.HeaderWriterFilter@60a7e509, org.springframework.web.filter.CorsFilter@32ec9c90, org.springframework.security.web.authentication.logout.LogoutFilter@7c20cdd0, cn.idealer01.config.utils.JwtAuthenticationFilter@76464795, org.springframework.security.web.savedrequest.RequestCacheAwareFilter@78cfa264, org.springframework.security.web.servletapi.SecurityContextHolderAwareRequestFilter@3b4825f0, org.springframework.security.web.authentication.AnonymousAuthenticationFilter@36ab3814, org.springframework.security.web.session.SessionManagementFilter@3965bdf9, org.springframework.security.web.access.ExceptionTranslationFilter@5b47731f, org.springframework.security.web.access.intercept.AuthorizationFilter@7af52ec7]
26-05-15.21:10:28.041 [main            ] INFO  Http11NioProtocol      - Starting ProtocolHandler ["http-nio-8080"]
26-05-15.21:10:28.060 [main            ] INFO  TomcatWebServer        - Tomcat started on port(s): 8080 (http) with context path ''
26-05-15.21:10:28.070 [main            ] INFO  Application            - Started Application in 4.0 seconds (JVM running for 7.253)
26-05-15.21:10:32.486 [http-nio-8080-exec-1] INFO  [/]                    - Initializing Spring DispatcherServlet 'dispatcherServlet'
26-05-15.21:10:32.486 [http-nio-8080-exec-1] INFO  DispatcherServlet      - Initializing Servlet 'dispatcherServlet'
26-05-15.21:10:32.487 [http-nio-8080-exec-1] INFO  DispatcherServlet      - Completed initialization in 1 ms
26-05-15.21:10:32.593 [http-nio-8080-exec-4] INFO  RegularUserController  - 网站用户:admin，请求获取token
26-05-15.21:10:32.716 [http-nio-8080-exec-4] INFO  HikariDataSource       - HikariPool-1 - Starting...
26-05-15.21:10:32.969 [http-nio-8080-exec-4] INFO  HikariDataSource       - HikariPool-1 - Start completed.
26-05-15.21:10:33.223 [http-nio-8080-exec-4] INFO  RegularUserController  - 网站用户:admin, 获取token成功
26-05-15.21:18:42.990 [SpringApplicationShutdownHook] INFO  HikariDataSource       - HikariPool-1 - Shutdown initiated...
26-05-15.21:18:43.009 [SpringApplicationShutdownHook] INFO  HikariDataSource       - HikariPool-1 - Shutdown completed.
