26-05-19.10:16:33.518 [main            ] INFO  Application            - Starting Application using Java 1.8.0_422 on XiaoLI with PID 21676 (D:\projects\Myblog\backend\backend-app\target\classes started by 27550 in D:\projects\Myblog\backend)
26-05-19.10:16:33.520 [main            ] INFO  Application            - The following 1 profile is active: "dev"
26-05-19.10:16:34.894 [main            ] INFO  RepositoryConfigurationDelegate - Multiple Spring Data modules found, entering strict repository configuration mode
26-05-19.10:16:34.895 [main            ] INFO  RepositoryConfigurationDelegate - Bootstrapping Spring Data Redis repositories in DEFAULT mode.
26-05-19.10:16:34.967 [main            ] INFO  RepositoryConfigurationDelegate - Finished Spring Data repository scanning in 49 ms. Found 0 Redis repository interfaces.
26-05-19.10:16:35.693 [main            ] INFO  TomcatWebServer        - Tomcat initialized with port(s): 8080 (http)
26-05-19.10:16:35.709 [main            ] INFO  Http11NioProtocol      - Initializing ProtocolHandler ["http-nio-8080"]
26-05-19.10:16:35.709 [main            ] INFO  StandardService        - Starting service [Tomcat]
26-05-19.10:16:35.709 [main            ] INFO  StandardEngine         - Starting Servlet engine: [Apache Tomcat/9.0.75]
26-05-19.10:16:35.898 [main            ] INFO  [/]                    - Initializing Spring embedded WebApplicationContext
26-05-19.10:16:35.898 [main            ] INFO  ServletWebServerApplicationContext - Root WebApplicationContext: initialization completed in 2294 ms
26-05-19.10:16:37.165 [main            ] INFO  DefaultSecurityFilterChain - Will secure any request with [org.springframework.security.web.session.DisableEncodeUrlFilter@9f674ac, org.springframework.security.web.context.request.async.WebAsyncManagerIntegrationFilter@1da4b3f9, org.springframework.security.web.context.SecurityContextPersistenceFilter@71cea1b8, org.springframework.security.web.header.HeaderWriterFilter@7ae0cc89, org.springframework.web.filter.CorsFilter@23cbbd07, org.springframework.security.web.authentication.logout.LogoutFilter@17dad32f, cn.idealer01.config.utils.JwtAuthenticationFilter@2538bc06, org.springframework.security.web.savedrequest.RequestCacheAwareFilter@2e463f4, org.springframework.security.web.servletapi.SecurityContextHolderAwareRequestFilter@5d3ff859, org.springframework.security.web.authentication.AnonymousAuthenticationFilter@448b808a, org.springframework.security.web.session.SessionManagementFilter@5a97b17c, org.springframework.security.web.access.ExceptionTranslationFilter@7c20cdd0, org.springframework.security.web.access.intercept.AuthorizationFilter@7f9e8421]
26-05-19.10:16:37.672 [main            ] INFO  Http11NioProtocol      - Starting ProtocolHandler ["http-nio-8080"]
26-05-19.10:16:37.693 [main            ] INFO  TomcatWebServer        - Tomcat started on port(s): 8080 (http) with context path ''
26-05-19.10:16:37.703 [main            ] INFO  Application            - Started Application in 5.653 seconds (JVM running for 9.138)
26-05-19.10:16:43.180 [http-nio-8080-exec-6] INFO  [/]                    - Initializing Spring DispatcherServlet 'dispatcherServlet'
26-05-19.10:16:43.180 [http-nio-8080-exec-6] INFO  DispatcherServlet      - Initializing Servlet 'dispatcherServlet'
26-05-19.10:16:43.181 [http-nio-8080-exec-6] INFO  DispatcherServlet      - Completed initialization in 1 ms
26-05-19.10:16:43.268 [http-nio-8080-exec-6] INFO  HikariDataSource       - HikariPool-1 - Starting...
26-05-19.10:16:43.576 [http-nio-8080-exec-6] INFO  HikariDataSource       - HikariPool-1 - Start completed.
26-05-19.10:39:37.082 [http-nio-8080-exec-9] INFO  RegularUserController  - 网站用户:admin，请求获取token
26-05-19.10:39:37.263 [http-nio-8080-exec-9] INFO  RegularUserController  - 网站用户:admin, 获取token成功
26-05-19.10:40:41.775 [http-nio-8080-exec-1] INFO  RegularUserController  - 网站用户:idealer，请求获取token
26-05-19.10:40:41.862 [http-nio-8080-exec-1] INFO  RegularUserController  - 网站用户:idealer, 获取token成功
26-05-19.10:41:14.852 [http-nio-8080-exec-1] INFO  RegularUserController  - 网站用户:admin，请求获取token
26-05-19.10:41:14.933 [http-nio-8080-exec-1] INFO  RegularUserController  - 网站用户:admin, 获取token成功
