26-05-21.11:38:07.455 [main            ] INFO  Application            - Starting Application v1.0-SNAPSHOT using Java 17.0.7 on XiaoLI with PID 5952 (D:\projects\Myblog\backend\backend-app\target\backend-app.jar started by 27550 in D:\projects\Myblog\backend\backend-app)
26-05-21.11:38:07.461 [main            ] INFO  Application            - The following 1 profile is active: "dev"
26-05-21.11:38:08.272 [main            ] INFO  RepositoryConfigurationDelegate - Multiple Spring Data modules found, entering strict repository configuration mode
26-05-21.11:38:08.272 [main            ] INFO  RepositoryConfigurationDelegate - Bootstrapping Spring Data Redis repositories in DEFAULT mode.
26-05-21.11:38:08.321 [main            ] INFO  RepositoryConfigurationDelegate - Finished Spring Data repository scanning in 31 ms. Found 0 Redis repository interfaces.
26-05-21.11:38:09.331 [main            ] INFO  TomcatWebServer        - Tomcat initialized with port(s): 8080 (http)
26-05-21.11:38:09.340 [main            ] INFO  Http11NioProtocol      - Initializing ProtocolHandler ["http-nio-8080"]
26-05-21.11:38:09.346 [main            ] INFO  StandardService        - Starting service [Tomcat]
26-05-21.11:38:09.346 [main            ] INFO  StandardEngine         - Starting Servlet engine: [Apache Tomcat/9.0.75]
26-05-21.11:38:09.449 [main            ] INFO  [/]                    - Initializing Spring embedded WebApplicationContext
26-05-21.11:38:09.449 [main            ] INFO  ServletWebServerApplicationContext - Root WebApplicationContext: initialization completed in 1924 ms
26-05-21.11:38:10.895 [main            ] INFO  DefaultSecurityFilterChain - Will secure any request with [org.springframework.security.web.session.DisableEncodeUrlFilter@31da6b2e, org.springframework.security.web.context.request.async.WebAsyncManagerIntegrationFilter@61c76850, org.springframework.security.web.context.SecurityContextPersistenceFilter@3f92c349, org.springframework.security.web.header.HeaderWriterFilter@59429fac, org.springframework.web.filter.CorsFilter@70242f38, org.springframework.security.web.authentication.logout.LogoutFilter@795fd838, cn.idealer01.config.utils.JwtAuthenticationFilter@1fd386c3, org.springframework.security.web.savedrequest.RequestCacheAwareFilter@55f8669d, org.springframework.security.web.servletapi.SecurityContextHolderAwareRequestFilter@42435b98, org.springframework.security.web.authentication.AnonymousAuthenticationFilter@2a22ad2b, org.springframework.security.web.session.SessionManagementFilter@769d513, org.springframework.security.web.access.ExceptionTranslationFilter@49a71302, org.springframework.security.web.access.intercept.AuthorizationFilter@1949309d]
26-05-21.11:38:11.440 [main            ] INFO  Http11NioProtocol      - Starting ProtocolHandler ["http-nio-8080"]
26-05-21.11:38:11.450 [main            ] WARN  AnnotationConfigServletWebServerApplicationContext - Exception encountered during context initialization - cancelling refresh attempt: org.springframework.context.ApplicationContextException: Failed to start bean 'webServerStartStop'; nested exception is org.springframework.boot.web.server.PortInUseException: Port 8080 is already in use
26-05-21.11:38:11.472 [main            ] INFO  Http11NioProtocol      - Pausing ProtocolHandler ["http-nio-8080"]
26-05-21.11:38:11.472 [main            ] INFO  StandardService        - Stopping service [Tomcat]
26-05-21.11:38:11.481 [main            ] INFO  Http11NioProtocol      - Stopping ProtocolHandler ["http-nio-8080"]
26-05-21.11:38:11.481 [main            ] INFO  Http11NioProtocol      - Destroying ProtocolHandler ["http-nio-8080"]
26-05-21.11:38:11.492 [main            ] INFO  ConditionEvaluationReportLoggingListener - 

Error starting ApplicationContext. To display the conditions report re-run your application with 'debug' enabled.
26-05-21.11:38:11.522 [main            ] ERROR LoggingFailureAnalysisReporter - 

***************************
APPLICATION FAILED TO START
***************************

Description:

Web server failed to start. Port 8080 was already in use.

Action:

Identify and stop the process that's listening on port 8080 or configure this application to listen on another port.

26-05-21.11:39:05.999 [main            ] INFO  Application            - Starting Application v1.0-SNAPSHOT using Java 17.0.7 on XiaoLI with PID 25932 (D:\projects\Myblog\backend\backend-app\target\backend-app.jar started by 27550 in D:\projects\Myblog\backend\backend-app)
26-05-21.11:39:06.007 [main            ] INFO  Application            - The following 1 profile is active: "dev"
26-05-21.11:39:07.596 [main            ] INFO  RepositoryConfigurationDelegate - Multiple Spring Data modules found, entering strict repository configuration mode
26-05-21.11:39:07.599 [main            ] INFO  RepositoryConfigurationDelegate - Bootstrapping Spring Data Redis repositories in DEFAULT mode.
26-05-21.11:39:07.654 [main            ] INFO  RepositoryConfigurationDelegate - Finished Spring Data repository scanning in 38 ms. Found 0 Redis repository interfaces.
26-05-21.11:39:08.811 [main            ] INFO  TomcatWebServer        - Tomcat initialized with port(s): 18080 (http)
26-05-21.11:39:08.822 [main            ] INFO  Http11NioProtocol      - Initializing ProtocolHandler ["http-nio-18080"]
26-05-21.11:39:08.823 [main            ] INFO  StandardService        - Starting service [Tomcat]
26-05-21.11:39:08.824 [main            ] INFO  StandardEngine         - Starting Servlet engine: [Apache Tomcat/9.0.75]
26-05-21.11:39:08.915 [main            ] INFO  [/]                    - Initializing Spring embedded WebApplicationContext
26-05-21.11:39:08.916 [main            ] INFO  ServletWebServerApplicationContext - Root WebApplicationContext: initialization completed in 2812 ms
26-05-21.11:39:10.663 [main            ] INFO  DefaultSecurityFilterChain - Will secure any request with [org.springframework.security.web.session.DisableEncodeUrlFilter@1948ea69, org.springframework.security.web.context.request.async.WebAsyncManagerIntegrationFilter@47e4d9d0, org.springframework.security.web.context.SecurityContextPersistenceFilter@15fdd1f2, org.springframework.security.web.header.HeaderWriterFilter@769a58e5, org.springframework.web.filter.CorsFilter@49798e84, org.springframework.security.web.authentication.logout.LogoutFilter@57adfab0, cn.idealer01.config.utils.JwtAuthenticationFilter@3c4bc9fc, org.springframework.security.web.savedrequest.RequestCacheAwareFilter@7573e12f, org.springframework.security.web.servletapi.SecurityContextHolderAwareRequestFilter@2a389173, org.springframework.security.web.authentication.AnonymousAuthenticationFilter@6ed06f69, org.springframework.security.web.session.SessionManagementFilter@9d200de, org.springframework.security.web.access.ExceptionTranslationFilter@588cd519, org.springframework.security.web.access.intercept.AuthorizationFilter@7c6442c2]
26-05-21.11:39:11.328 [main            ] INFO  Http11NioProtocol      - Starting ProtocolHandler ["http-nio-18080"]
26-05-21.11:39:11.358 [main            ] INFO  TomcatWebServer        - Tomcat started on port(s): 18080 (http) with context path ''
26-05-21.11:39:11.370 [main            ] INFO  Application            - Started Application in 6.351 seconds (JVM running for 6.961)
26-05-21.11:39:29.338 [http-nio-18080-exec-1] INFO  [/]                    - Initializing Spring DispatcherServlet 'dispatcherServlet'
26-05-21.11:39:29.339 [http-nio-18080-exec-1] INFO  DispatcherServlet      - Initializing Servlet 'dispatcherServlet'
26-05-21.11:39:29.341 [http-nio-18080-exec-1] INFO  DispatcherServlet      - Completed initialization in 1 ms
26-05-21.11:39:29.420 [http-nio-18080-exec-1] INFO  HikariDataSource       - HikariPool-1 - Starting...
26-05-21.11:39:29.774 [http-nio-18080-exec-1] INFO  HikariDataSource       - HikariPool-1 - Start completed.
26-05-21.14:25:24.666 [HikariPool-1 housekeeper] WARN  HikariPool             - HikariPool-1 - Thread starvation or clock leap detected (housekeeper delta=2h40m54s741ms149µs600ns).
